Build started 4/29/2018 10:29:01 PM.
     1>Project "D:\VSProjects\DAT205_VoxelEngine\DAT205_VoxelEngine\DAT205_VoxelEngine.vcxproj" on node 2 (Build target(s)).
     1>ClCompile:
         C:\Program Files (x86)\Microsoft Visual Studio 12.0\VC\bin\CL.exe /c /ZI /nologo /W3 /WX- /sdl /Od /Oy- /D _CRT_SECURE_NO_WARNINGS /D _MBCS /Gm /EHsc /RTC1 /MDd /GS /fp:precise /Zc:wchar_t /Zc:forScope /Fo"Debug\\" /Fd"Debug\vc120.pdb" /Gd /TP /analyze- /errorReport:prompt Chunk.cpp World.cpp main.cpp
         World.cpp
     1>d:\vsprojects\dat205_voxelengine\dat205_voxelengine\world.cpp(114): warning C4244: 'argument' : conversion from 'time_t' to 'int', possible loss of data
     1>d:\vsprojects\dat205_voxelengine\dat205_voxelengine\world.cpp(116): warning C4244: 'argument' : conversion from 'time_t' to 'int', possible loss of data
     1>d:\vsprojects\dat205_voxelengine\dat205_voxelengine\world.cpp(118): warning C4244: 'argument' : conversion from 'time_t' to 'int', possible loss of data
     1>d:\vsprojects\dat205_voxelengine\dat205_voxelengine\world.cpp(120): warning C4244: 'argument' : conversion from 'time_t' to 'int', possible loss of data
     1>d:\vsprojects\dat205_voxelengine\dat205_voxelengine\world.cpp(122): warning C4244: 'argument' : conversion from 'time_t' to 'int', possible loss of data
     1>d:\vsprojects\dat205_voxelengine\dat205_voxelengine\world.cpp(124): warning C4244: 'argument' : conversion from 'time_t' to 'int', possible loss of data
     1>d:\vsprojects\dat205_voxelengine\dat205_voxelengine\world.cpp(126): warning C4244: 'argument' : conversion from 'time_t' to 'int', possible loss of data
         Chunk.cpp
     1>d:\vsprojects\dat205_voxelengine\dat205_voxelengine\chunk.cpp(125): warning C4244: 'argument' : conversion from 'double' to 'float', possible loss of data
     1>d:\vsprojects\dat205_voxelengine\dat205_voxelengine\chunk.cpp(126): warning C4244: 'initializing' : conversion from 'float' to 'int', possible loss of data
     1>d:\vsprojects\dat205_voxelengine\dat205_voxelengine\chunk.cpp(143): warning C4244: 'argument' : conversion from 'double' to 'float', possible loss of data
         Generating Code...
         Skipping... (no relevant changes detected)
         main.cpp
         C:\Program Files (x86)\Microsoft Visual Studio 12.0\VC\bin\CL.exe /c /ZI /nologo /W3 /WX- /sdl /Od /Oy- /D _CRT_SECURE_NO_WARNINGS /D _MBCS /Gm /EHsc /RTC1 /MDd /GS /fp:precise /Zc:wchar_t /Zc:forScope /Fo"Debug\\" /Fd"Debug\vc120.pdb" /Gd /TC /analyze- /errorReport:prompt textures.c
         textures.c
       Link:
         C:\Program Files (x86)\Microsoft Visual Studio 12.0\VC\bin\link.exe /ERRORREPORT:PROMPT /OUT:"D:\VSProjects\DAT205_VoxelEngine\Debug\DAT205_VoxelEngine.exe" /INCREMENTAL /NOLOGO SDL2.lib SDL2main.lib opengl32.lib glew32.lib kernel32.lib user32.lib gdi32.lib winspool.lib comdlg32.lib advapi32.lib shell32.lib ole32.lib oleaut32.lib uuid.lib odbc32.lib odbccp32.lib /MANIFEST /MANIFESTUAC:"level='asInvoker' uiAccess='false'" /manifest:embed /DEBUG /PDB:"D:\VSProjects\DAT205_VoxelEngine\Debug\DAT205_VoxelEngine.pdb" /SUBSYSTEM:CONSOLE /TLBID:1 /DYNAMICBASE /NXCOMPAT /IMPLIB:"D:\VSProjects\DAT205_VoxelEngine\Debug\DAT205_VoxelEngine.lib" /MACHINE:X86 Debug\shader_utils.obj
         Debug\Chunk.obj
         Debug\main.obj
         Debug\textures.obj
         Debug\World.obj
         DAT205_VoxelEngine.vcxproj -> D:\VSProjects\DAT205_VoxelEngine\Debug\DAT205_VoxelEngine.exe
     1>Done Building Project "D:\VSProjects\DAT205_VoxelEngine\DAT205_VoxelEngine\DAT205_VoxelEngine.vcxproj" (Build target(s)).

Build succeeded.

Time Elapsed 00:00:07.73
